18858 : 2019-11-14 15:59:39,778 : INFO : telemetry.main : Attempt start. Configuration directory [/home/vagrant/.azure].
18858 : 2019-11-14 15:59:39,779 : INFO : telemetry.check : Positive: The /home/vagrant/.azure/telemetry.txt does not exist.
18858 : 2019-11-14 15:59:39,779 : DEBUG : telemetry.note : acquiring lock
18858 : 2019-11-14 15:59:39,779 : DEBUG : telemetry.note : acquired lock
18858 : 2019-11-14 15:59:39,779 : INFO : telemetry.note : Update the note mtime to 2019-11-14 15:59:39.779348
18858 : 2019-11-14 15:59:39,779 : WARNING : telemetry.note : Fail to parse or read the timestamp 'N/A' in the note file. Set the last send time to minimal. Reason: not readable
18858 : 2019-11-14 15:59:39,779 : INFO : telemetry.records : No cache to be uploaded.
18858 : 2019-11-14 15:59:39,779 : INFO : telemetry.client : Accumulated 0 events. Flush the clients.
18858 : 2019-11-14 15:59:39,779 : INFO : telemetry.note : Update the last send in note to 0001-01-01 00:00:00
18858 : 2019-11-14 15:59:39,779 : INFO : telemetry.note : Update the note mtime to 2019-11-14 15:59:39.779914
20842 : 2019-11-14 16:14:46,413 : INFO : telemetry.main : Attempt start. Configuration directory [/home/vagrant/.azure].
20842 : 2019-11-14 16:14:46,413 : INFO : telemetry.check : Returns Positive.
20842 : 2019-11-14 16:14:46,413 : DEBUG : telemetry.note : acquiring lock
20842 : 2019-11-14 16:14:46,413 : DEBUG : telemetry.note : acquired lock
20842 : 2019-11-14 16:14:46,414 : INFO : telemetry.note : Update the note mtime to 2019-11-14 16:14:46.414045
20842 : 2019-11-14 16:14:46,415 : WARNING : telemetry.note : Fail to parse or read the timestamp '1-01-01T00:00:00' in the note file. Set the last send time to minimal. Reason: time data '1-01-01T00:00:00' does not match format '%Y-%m-%dT%H:%M:%S'
20842 : 2019-11-14 16:14:46,416 : INFO : telemetry.records : No cache to be uploaded.
20842 : 2019-11-14 16:14:46,416 : INFO : telemetry.client : Accumulated 0 events. Flush the clients.
20842 : 2019-11-14 16:14:46,416 : INFO : telemetry.note : Update the last send in note to 0001-01-01 00:00:00
20842 : 2019-11-14 16:14:46,416 : INFO : telemetry.note : Update the note mtime to 2019-11-14 16:14:46.416427
